<?xml version="1.0" encoding="UTF-8"?>
<testsuite xmlns:xsi="http://www.w3.org/2001/XMLSchema-instance" xsi:noNamespaceSchemaLocation="https://maven.apache.org/surefire/maven-surefire-plugin/xsd/surefire-test-report-3.0.xsd" version="3.0" name="com.example.movieworld.MovieWorldApplicationTest" time="28.228" tests="1" errors="0" skipped="0" failures="0">
  <properties>
[...]
</properties>
  <testcase name="contextLoads" classname="com.example.movieworld.MovieWorldApplicationTest" time="0.045">
    <system-out><![CDATA[10:41:41.165 [main] DEBUG org.springframework.test.context.BootstrapUtils - Instantiating CacheAwareContextLoaderDelegate from class [org.springframework.test.context.cache.DefaultCacheAwareContextLoaderDelegate]
10:41:41.178 [main] DEBUG org.springframework.test.context.BootstrapUtils - Instantiating BootstrapContext using constructor [public org.springframework.test.context.support.DefaultBootstrapContext(java.lang.Class,org.springframework.test.context.CacheAwareContextLoaderDelegate)]
10:41:41.218 [main] DEBUG org.springframework.test.context.BootstrapUtils - Instantiating TestContextBootstrapper for test class [com.example.movieworld.MovieWorldApplicationTest] from class [org.springframework.boot.test.context.SpringBootTestContextBootstrapper]
10:41:41.259 [main] INFO org.springframework.boot.test.context.SpringBootTestContextBootstrapper - Neither @ContextConfiguration nor @ContextHierarchy found for test class [com.example.movieworld.MovieWorldApplicationTest], using SpringBootContextLoader
10:41:41.265 [main] DEBUG org.springframework.test.context.support.AbstractContextLoader - Did not detect default resource location for test class [com.example.movieworld.MovieWorldApplicationTest]: class path resource [com/example/movieworld/MovieWorldApplicationTest-context.xml] does not exist
10:41:41.266 [main] DEBUG org.springframework.test.context.support.AbstractContextLoader - Did not detect default resource location for test class [com.example.movieworld.MovieWorldApplicationTest]: class path resource [com/example/movieworld/MovieWorldApplicationTestContext.groovy] does not exist
10:41:41.266 [main] INFO org.springframework.test.context.support.AbstractContextLoader - Could not detect default resource locations for test class [com.example.movieworld.MovieWorldApplicationTest]: no resource found for suffixes {-context.xml, Context.groovy}.
10:41:41.268 [main] INFO org.springframework.test.context.support.AnnotationConfigContextLoaderUtils - Could not detect default configuration classes for test class [com.example.movieworld.MovieWorldApplicationTest]: MovieWorldApplicationTest does not declare any static, non-private, non-final, nested classes annotated with @Configuration.
10:41:41.415 [main] DEBUG org.springframework.test.context.support.ActiveProfilesUtils - Could not find an 'annotation declaring class' for annotation type [org.springframework.test.context.ActiveProfiles] and class [com.example.movieworld.MovieWorldApplicationTest]
10:41:41.560 [main] DEBUG org.springframework.context.annotation.ClassPathScanningCandidateComponentProvider - Identified candidate component class: file [C:\Users\stutis\Desktop\Cursor-My First Project\target\classes\com\example\movieworld\MovieWorldApplication.class]
10:41:41.562 [main] INFO org.springframework.boot.test.context.SpringBootTestContextBootstrapper - Found @SpringBootConfiguration com.example.movieworld.MovieWorldApplication for test class com.example.movieworld.MovieWorldApplicationTest
10:41:41.693 [main] DEBUG org.springframework.boot.test.context.SpringBootTestContextBootstrapper - @TestExecutionListeners is not present for class [com.example.movieworld.MovieWorldApplicationTest]: using defaults.
10:41:41.695 [main] INFO org.springframework.boot.test.context.SpringBootTestContextBootstrapper - Loaded default TestExecutionListener class names from location [META-INF/spring.factories]: [org.springframework.boot.test.mock.mockito.MockitoTestExecutionListener, org.springframework.boot.test.mock.mockito.ResetMocksTestExecutionListener, org.springframework.boot.test.autoconfigure.restdocs.RestDocsTestExecutionListener, org.springframework.boot.test.autoconfigure.web.client.MockRestServiceServerResetTestExecutionListener, org.springframework.boot.test.autoconfigure.web.servlet.MockMvcPrintOnlyOnFailureTestExecutionListener, org.springframework.boot.test.autoconfigure.web.servlet.WebDriverTestExecutionListener, org.springframework.boot.test.autoconfigure.webservices.client.MockWebServiceServerTestExecutionListener, org.springframework.test.context.web.ServletTestExecutionListener, org.springframework.test.context.support.DirtiesContextBeforeModesTestExecutionListener, org.springframework.test.context.event.ApplicationEventsTestExecutionListener, org.springframework.test.context.support.DependencyInjectionTestExecutionListener, org.springframework.test.context.support.DirtiesContextTestExecutionListener, org.springframework.test.context.transaction.TransactionalTestExecutionListener, org.springframework.test.context.jdbc.SqlScriptsTestExecutionListener, org.springframework.test.context.event.EventPublishingTestExecutionListener]
10:41:41.762 [main] INFO org.springframework.boot.test.context.SpringBootTestContextBootstrapper - Using TestExecutionListeners: [org.springframework.test.context.web.ServletTestExecutionListener@64c191e1, org.springframework.test.context.support.DirtiesContextBeforeModesTestExecutionListener@2c49eefd, org.springframework.test.context.event.ApplicationEventsTestExecutionListener@7a2f1b17, org.springframework.boot.test.mock.mockito.MockitoTestExecutionListener@6a662854, org.springframework.boot.test.autoconfigure.SpringBootDependencyInjectionTestExecutionListener@2c0e260, org.springframework.test.context.support.DirtiesContextTestExecutionListener@611ddac3, org.springframework.test.context.transaction.TransactionalTestExecutionListener@63689254, org.springframework.test.context.jdbc.SqlScriptsTestExecutionListener@389732e5, org.springframework.test.context.event.EventPublishingTestExecutionListener@3d411475, org.springframework.boot.test.mock.mockito.ResetMocksTestExecutionListener@32850adc, org.springframework.boot.test.autoconfigure.restdocs.RestDocsTestExecutionListener@1558d4ea, org.springframework.boot.test.autoconfigure.web.client.MockRestServiceServerResetTestExecutionListener@1459dcbe, org.springframework.boot.test.autoconfigure.web.servlet.MockMvcPrintOnlyOnFailureTestExecutionListener@210e90fc, org.springframework.boot.test.autoconfigure.web.servlet.WebDriverTestExecutionListener@3b47adeb, org.springframework.boot.test.autoconfigure.webservices.client.MockWebServiceServerTestExecutionListener@68ebc1ed]
10:41:41.774 [main] DEBUG org.springframework.test.context.support.AbstractDirtiesContextTestExecutionListener - Before test class: context [DefaultTestContext@318821c7 testClass = MovieWorldApplicationTest, testInstance = [null], testMethod = [null], testException = [null], mergedContextConfiguration = [WebMergedContextConfiguration@64ce4b11 testClass = MovieWorldApplicationTest, locations = '{}', classes = '{class com.example.movieworld.MovieWorldApplication}', contextInitializerClasses = '[]', activeProfiles = '{}', propertySourceLocations = '{}', propertySourceProperties = '{spring.datasource.url=jdbc:h2:mem:testdb, spring.datasource.driver-class-name=org.h2.Driver, spring.jpa.hibernate.ddl-auto=create-drop, spring.sql.init.mode=never, spring.jpa.defer-datasource-initialization=false, org.springframework.boot.test.context.SpringBootTestContextBootstrapper=true}', contextCustomizers = set[org.springframework.boot.test.context.filter.ExcludeFilterContextCustomizer@4ed1edcf, org.springframework.boot.test.json.DuplicateJsonObjectContextCustomizerFactory$DuplicateJsonObjectContextCustomizer@172cee8d, org.springframework.boot.test.mock.mockito.MockitoContextCustomizer@0, org.springframework.boot.test.web.client.TestRestTemplateContextCustomizer@7e236f5f, org.springframework.boot.test.autoconfigure.actuate.metrics.MetricsExportContextCustomizerFactory$DisableMetricExportContextCustomizer@6f319f62, org.springframework.boot.test.autoconfigure.properties.PropertyMappingContextCustomizer@0, org.springframework.boot.test.autoconfigure.web.servlet.WebDriverContextCustomizerFactory$Customizer@2c9f2fc2, org.springframework.boot.test.context.SpringBootTestArgs@1, org.springframework.boot.test.context.SpringBootTestWebEnvironment@153f66e7], resourceBasePath = 'src/main/webapp', contextLoader = 'org.springframework.boot.test.context.SpringBootContextLoader', parent = [null]], attributes = map['org.springframework.test.context.web.ServletTestExecutionListener.activateListener' -> true]], class annotated with @DirtiesContext [false] with mode [null].

  .   ____          _            __ _ _
 /\\ / ___'_ __ _ _(_)_ __  __ _ \ \ \ \
( ( )\___ | '_ | '_| | '_ \/ _` | \ \ \ \
 \\/  ___)| |_)| | | | | || (_| |  ) ) ) )
  '  |____| .__|_| |_|_| |_\__, | / / / /
 =========|_|==============|___/=/_/_/_/
 :: Spring Boot ::               (v2.7.18)

2026-01-28 10:41:43.509  INFO 20604 --- [           main] c.e.m.MovieWorldApplicationTest          : Starting MovieWorldApplicationTest using Java 11.0.15 on Stutis-VD3 with PID 20604 (started by stutis in C:\Users\stutis\Desktop\Cursor-My First Project)
2026-01-28 10:41:43.516  INFO 20604 --- [           main] c.e.m.MovieWorldApplicationTest          : No active profile set, falling back to 1 default profile: "default"
2026-01-28 10:41:46.914  INFO 20604 --- [           main] .s.d.r.c.RepositoryConfigurationDelegate : Bootstrapping Spring Data JPA repositories in DEFAULT mode.
2026-01-28 10:41:47.087  INFO 20604 --- [           main] .s.d.r.c.RepositoryConfigurationDelegate : Finished Spring Data repository scanning in 143 ms. Found 1 JPA repository interfaces.
2026-01-28 10:41:51.265  INFO 20604 --- [           main] o.hibernate.jpa.internal.util.LogHelper  : HHH000204: Processing PersistenceUnitInfo [name: default]
2026-01-28 10:41:51.949  INFO 20604 --- [           main] org.hibernate.Version                    : HHH000412: Hibernate ORM core version 5.6.15.Final
2026-01-28 10:41:52.554  INFO 20604 --- [           main] o.hibernate.annotations.common.Version   : HCANN000001: Hibernate Commons Annotations {5.1.2.Final}
2026-01-28 10:41:54.294  INFO 20604 --- [           main] com.zaxxer.hikari.HikariDataSource       : HikariPool-1 - Starting...
2026-01-28 10:41:58.195  INFO 20604 --- [           main] com.zaxxer.hikari.HikariDataSource       : HikariPool-1 - Start completed.
2026-01-28 10:41:58.433  INFO 20604 --- [           main] org.hibernate.dialect.Dialect            : HHH000400: Using dialect: org.hibernate.dialect.H2Dialect
Hibernate: drop table if exists movie CASCADE 
Hibernate: create table movie (id bigint generated by default as identity, director varchar(255), genre varchar(255), title varchar(255), release_year integer, primary key (id))
2026-01-28 10:42:01.704  INFO 20604 --- [           main] o.h.e.t.j.p.i.JtaPlatformInitiator       : HHH000490: Using JtaPlatform implementation: [org.hibernate.engine.transaction.jta.platform.internal.NoJtaPlatform]
2026-01-28 10:42:01.807  INFO 20604 --- [           main] j.LocalContainerEntityManagerFactoryBean : Initialized JPA EntityManagerFactory for persistence unit 'default'
2026-01-28 10:42:05.071  WARN 20604 --- [           main] JpaBaseConfiguration$JpaWebConfiguration : spring.jpa.open-in-view is enabled by default. Therefore, database queries may be performed during view rendering. Explicitly configure spring.jpa.open-in-view to disable this warning
2026-01-28 10:42:08.226  INFO 20604 --- [           main] c.e.m.MovieWorldApplicationTest          : Started MovieWorldApplicationTest in 26.328 seconds (JVM running for 45.181)
Hibernate: select count(*) as col_0_0_ from movie movie0_
2026-01-28 10:42:09.174  INFO 20604 --- [           main] c.e.movieworld.config.DataInitializer    : Initializing dummy movie data...
Hibernate: insert into movie (id, director, genre, title, release_year) values (default, ?, ?, ?, ?)
Hibernate: insert into movie (id, director, genre, title, release_year) values (default, ?, ?, ?, ?)
Hibernate: select count(*) as col_0_0_ from movie movie0_
2026-01-28 10:42:09.301  INFO 20604 --- [           main] c.e.movieworld.config.DataInitializer    : Successfully initialized 2 dummy movies
]]></system-out>
  </testcase>
</testsuite>