<?xml version="1.0" encoding="UTF-8"?>
<testsuite xmlns:xsi="http://www.w3.org/2001/XMLSchema-instance" xsi:noNamespaceSchemaLocation="https://maven.apache.org/surefire/maven-surefire-plugin/xsd/surefire-test-report-3.0.xsd" version="3.0" name="com.example.movieworld.controller.MovieControllerTest" time="5.17" tests="9" errors="0" skipped="0" failures="0">
  <properties>
[...]
</properties>
  <testcase name="testGetMovieById_Success" classname="com.example.movieworld.controller.MovieControllerTest" time="4.165">
    <system-out><![CDATA[10:41:37.215 [main] DEBUG _org.springframework.web.servlet.HandlerMapping.Mappings - 
	c.e.m.c.MovieController:
	{GET [/api/movies/health]}: healthCheck()
	{POST [/api/movies]}: createMovie(Movie)
	{GET [/api/movies/{id}]}: getMovieById(Long)
	{PUT [/api/movies/{id}]}: updateMovie(Long,Movie)
	{DELETE [/api/movies/{id}]}: deleteMovie(Long)
	{GET [/api/movies]}: getAllMovies()
10:41:37.237 [main] DEBUG org.springframework.web.servlet.mvc.method.annotation.RequestMappingHandlerMapping - 6 mappings in org.springframework.web.servlet.mvc.method.annotation.RequestMappingHandlerMapping
10:41:38.717 [main] DEBUG org.springframework.web.servlet.mvc.method.annotation.RequestMappingHandlerAdapter - ControllerAdvice beans: 0 @ModelAttribute, 0 @InitBinder, 1 RequestBodyAdvice, 1 ResponseBodyAdvice
10:41:38.996 [main] DEBUG org.springframework.web.servlet.mvc.method.annotation.ExceptionHandlerExceptionResolver - ControllerAdvice beans: 0 @ExceptionHandler, 1 ResponseBodyAdvice
10:41:39.134 [main] INFO org.springframework.mock.web.MockServletContext - Initializing Spring TestDispatcherServlet ''
10:41:39.134 [main] INFO org.springframework.test.web.servlet.TestDispatcherServlet - Initializing Servlet ''
10:41:39.148 [main] DEBUG org.springframework.test.web.servlet.TestDispatcherServlet - Detected AcceptHeaderLocaleResolver
10:41:39.150 [main] DEBUG org.springframework.test.web.servlet.TestDispatcherServlet - Detected FixedThemeResolver
10:41:39.154 [main] DEBUG org.springframework.test.web.servlet.TestDispatcherServlet - Detected org.springframework.web.servlet.view.DefaultRequestToViewNameTranslator@48c49c1a
10:41:39.154 [main] DEBUG org.springframework.test.web.servlet.TestDispatcherServlet - Detected org.springframework.web.servlet.support.SessionFlashMapManager@747ef51d
10:41:39.154 [main] DEBUG org.springframework.test.web.servlet.TestDispatcherServlet - enableLoggingRequestDetails='false': request parameters and headers will be masked to prevent unsafe logging of potentially sensitive data
10:41:39.154 [main] INFO org.springframework.test.web.servlet.TestDispatcherServlet - Completed initialization in 18 ms
10:41:39.326 [main] DEBUG org.springframework.test.web.servlet.TestDispatcherServlet - GET "/api/movies/1", parameters={}
10:41:39.348 [main] DEBUG org.springframework.web.servlet.mvc.method.annotation.RequestMappingHandlerMapping - Mapped to com.example.movieworld.controller.MovieController#getMovieById(Long)
10:41:39.846 [main] DEBUG org.springframework.web.servlet.mvc.method.annotation.HttpEntityMethodProcessor - Using 'application/json', given [*/*] and supported [application/json, application/*+json]
10:41:39.856 [main] DEBUG org.springframework.web.servlet.mvc.method.annotation.HttpEntityMethodProcessor - Writing [com.example.movieworld.model.Movie@1b58b5f9]
10:41:39.934 [main] DEBUG org.springframework.test.web.servlet.TestDispatcherServlet - Completed 200 OK
10:41:40.103 [main] DEBUG com.jayway.jsonpath.internal.path.CompiledPath - Evaluating path: $['id']
10:41:40.125 [main] DEBUG com.jayway.jsonpath.internal.path.CompiledPath - Evaluating path: $['id']
10:41:40.126 [main] DEBUG com.jayway.jsonpath.internal.path.CompiledPath - Evaluating path: $['title']
10:41:40.126 [main] DEBUG com.jayway.jsonpath.internal.path.CompiledPath - Evaluating path: $['director']
10:41:40.128 [main] DEBUG com.jayway.jsonpath.internal.path.CompiledPath - Evaluating path: $['year']
10:41:40.128 [main] DEBUG com.jayway.jsonpath.internal.path.CompiledPath - Evaluating path: $['genre']
]]></system-out>
  </testcase>
  <testcase name="testCreateMovie" classname="com.example.movieworld.controller.MovieControllerTest" time="0.433">
    <system-out><![CDATA[10:41:40.193 [main] DEBUG _org.springframework.web.servlet.HandlerMapping.Mappings - 
	c.e.m.c.MovieController:
	{GET [/api/movies/health]}: healthCheck()
	{POST [/api/movies]}: createMovie(Movie)
	{GET [/api/movies/{id}]}: getMovieById(Long)
	{PUT [/api/movies/{id}]}: updateMovie(Long,Movie)
	{DELETE [/api/movies/{id}]}: deleteMovie(Long)
	{GET [/api/movies]}: getAllMovies()
10:41:40.196 [main] DEBUG org.springframework.web.servlet.mvc.method.annotation.RequestMappingHandlerMapping - 6 mappings in org.springframework.web.servlet.mvc.method.annotation.RequestMappingHandlerMapping
10:41:40.202 [main] DEBUG org.springframework.web.servlet.mvc.method.annotation.RequestMappingHandlerAdapter - ControllerAdvice beans: 0 @ModelAttribute, 0 @InitBinder, 1 RequestBodyAdvice, 1 ResponseBodyAdvice
10:41:40.208 [main] DEBUG org.springframework.web.servlet.mvc.method.annotation.ExceptionHandlerExceptionResolver - ControllerAdvice beans: 0 @ExceptionHandler, 1 ResponseBodyAdvice
10:41:40.208 [main] INFO org.springframework.mock.web.MockServletContext - Initializing Spring TestDispatcherServlet ''
10:41:40.208 [main] INFO org.springframework.test.web.servlet.TestDispatcherServlet - Initializing Servlet ''
10:41:40.210 [main] DEBUG org.springframework.test.web.servlet.TestDispatcherServlet - Detected AcceptHeaderLocaleResolver
10:41:40.210 [main] DEBUG org.springframework.test.web.servlet.TestDispatcherServlet - Detected FixedThemeResolver
10:41:40.210 [main] DEBUG org.springframework.test.web.servlet.TestDispatcherServlet - Detected org.springframework.web.servlet.view.DefaultRequestToViewNameTranslator@ad0a773
10:41:40.210 [main] DEBUG org.springframework.test.web.servlet.TestDispatcherServlet - Detected org.springframework.web.servlet.support.SessionFlashMapManager@2e2fcbcf
10:41:40.210 [main] DEBUG org.springframework.test.web.servlet.TestDispatcherServlet - enableLoggingRequestDetails='false': request parameters and headers will be masked to prevent unsafe logging of potentially sensitive data
10:41:40.210 [main] INFO org.springframework.test.web.servlet.TestDispatcherServlet - Completed initialization in 2 ms
10:41:40.229 [main] DEBUG org.springframework.test.web.servlet.TestDispatcherServlet - POST "/api/movies", parameters={}
10:41:40.230 [main] DEBUG org.springframework.web.servlet.mvc.method.annotation.RequestMappingHandlerMapping - Mapped to com.example.movieworld.controller.MovieController#createMovie(Movie)
10:41:40.529 [main] DEBUG org.springframework.web.servlet.mvc.method.annotation.RequestResponseBodyMethodProcessor - Read "application/json" to [com.example.movieworld.model.Movie@552b5799]
10:41:40.567 [main] DEBUG org.springframework.web.servlet.mvc.method.annotation.HttpEntityMethodProcessor - Using 'application/json', given [*/*] and supported [application/json, application/*+json]
10:41:40.569 [main] DEBUG org.springframework.web.servlet.mvc.method.annotation.HttpEntityMethodProcessor - Writing [com.example.movieworld.model.Movie@ebfe707]
10:41:40.569 [main] DEBUG org.springframework.test.web.servlet.TestDispatcherServlet - Completed 201 CREATED
10:41:40.571 [main] DEBUG com.jayway.jsonpath.internal.path.CompiledPath - Evaluating path: $['id']
10:41:40.571 [main] DEBUG com.jayway.jsonpath.internal.path.CompiledPath - Evaluating path: $['id']
10:41:40.571 [main] DEBUG com.jayway.jsonpath.internal.path.CompiledPath - Evaluating path: $['title']
10:41:40.571 [main] DEBUG com.jayway.jsonpath.internal.path.CompiledPath - Evaluating path: $['director']
10:41:40.571 [main] DEBUG com.jayway.jsonpath.internal.path.CompiledPath - Evaluating path: $['year']
10:41:40.571 [main] DEBUG com.jayway.jsonpath.internal.path.CompiledPath - Evaluating path: $['genre']
]]></system-out>
  </testcase>
  <testcase name="testGetAllMovies" classname="com.example.movieworld.controller.MovieControllerTest" time="0.063">
    <system-out><![CDATA[10:41:40.584 [main] DEBUG _org.springframework.web.servlet.HandlerMapping.Mappings - 
	c.e.m.c.MovieController:
	{GET [/api/movies/health]}: healthCheck()
	{POST [/api/movies]}: createMovie(Movie)
	{GET [/api/movies/{id}]}: getMovieById(Long)
	{PUT [/api/movies/{id}]}: updateMovie(Long,Movie)
	{DELETE [/api/movies/{id}]}: deleteMovie(Long)
	{GET [/api/movies]}: getAllMovies()
10:41:40.588 [main] DEBUG org.springframework.web.servlet.mvc.method.annotation.RequestMappingHandlerMapping - 6 mappings in org.springframework.web.servlet.mvc.method.annotation.RequestMappingHandlerMapping
10:41:40.596 [main] DEBUG org.springframework.web.servlet.mvc.method.annotation.RequestMappingHandlerAdapter - ControllerAdvice beans: 0 @ModelAttribute, 0 @InitBinder, 1 RequestBodyAdvice, 1 ResponseBodyAdvice
10:41:40.598 [main] DEBUG org.springframework.web.servlet.mvc.method.annotation.ExceptionHandlerExceptionResolver - ControllerAdvice beans: 0 @ExceptionHandler, 1 ResponseBodyAdvice
10:41:40.598 [main] INFO org.springframework.mock.web.MockServletContext - Initializing Spring TestDispatcherServlet ''
10:41:40.600 [main] INFO org.springframework.test.web.servlet.TestDispatcherServlet - Initializing Servlet ''
10:41:40.600 [main] DEBUG org.springframework.test.web.servlet.TestDispatcherServlet - Detected AcceptHeaderLocaleResolver
10:41:40.600 [main] DEBUG org.springframework.test.web.servlet.TestDispatcherServlet - Detected FixedThemeResolver
10:41:40.600 [main] DEBUG org.springframework.test.web.servlet.TestDispatcherServlet - Detected org.springframework.web.servlet.view.DefaultRequestToViewNameTranslator@ef3796c
10:41:40.600 [main] DEBUG org.springframework.test.web.servlet.TestDispatcherServlet - Detected org.springframework.web.servlet.support.SessionFlashMapManager@13425479
10:41:40.600 [main] DEBUG org.springframework.test.web.servlet.TestDispatcherServlet - enableLoggingRequestDetails='false': request parameters and headers will be masked to prevent unsafe logging of potentially sensitive data
10:41:40.600 [main] INFO org.springframework.test.web.servlet.TestDispatcherServlet - Completed initialization in 0 ms
10:41:40.600 [main] DEBUG org.springframework.test.web.servlet.TestDispatcherServlet - GET "/api/movies", parameters={}
10:41:40.602 [main] DEBUG org.springframework.web.servlet.mvc.method.annotation.RequestMappingHandlerMapping - Mapped to com.example.movieworld.controller.MovieController#getAllMovies()
10:41:40.614 [main] DEBUG org.springframework.web.servlet.mvc.method.annotation.RequestResponseBodyMethodProcessor - Using 'application/json', given [*/*] and supported [application/json, application/*+json]
10:41:40.614 [main] DEBUG org.springframework.web.servlet.mvc.method.annotation.RequestResponseBodyMethodProcessor - Writing [[com.example.movieworld.model.Movie@2ddd689a, com.example.movieworld.model.Movie@1fbbc139]]
10:41:40.619 [main] DEBUG org.springframework.test.web.servlet.TestDispatcherServlet - Completed 200 OK
10:41:40.621 [main] DEBUG com.jayway.jsonpath.internal.path.CompiledPath - Evaluating path: $
10:41:40.632 [main] DEBUG com.jayway.jsonpath.internal.path.CompiledPath - Evaluating path: $[0]['id']
10:41:40.634 [main] DEBUG com.jayway.jsonpath.internal.path.CompiledPath - Evaluating path: $[0]['id']
10:41:40.634 [main] DEBUG com.jayway.jsonpath.internal.path.CompiledPath - Evaluating path: $[0]['title']
10:41:40.636 [main] DEBUG com.jayway.jsonpath.internal.path.CompiledPath - Evaluating path: $[0]['director']
10:41:40.636 [main] DEBUG com.jayway.jsonpath.internal.path.CompiledPath - Evaluating path: $[0]['year']
10:41:40.638 [main] DEBUG com.jayway.jsonpath.internal.path.CompiledPath - Evaluating path: $[0]['genre']
10:41:40.638 [main] DEBUG com.jayway.jsonpath.internal.path.CompiledPath - Evaluating path: $[1]['id']
10:41:40.638 [main] DEBUG com.jayway.jsonpath.internal.path.CompiledPath - Evaluating path: $[1]['id']
10:41:40.638 [main] DEBUG com.jayway.jsonpath.internal.path.CompiledPath - Evaluating path: $[1]['title']
]]></system-out>
  </testcase>
  <testcase name="testGetMovieById_NotFound" classname="com.example.movieworld.controller.MovieControllerTest" time="0.083">
    <system-out><![CDATA[10:41:40.687 [main] DEBUG _org.springframework.web.servlet.HandlerMapping.Mappings - 
	c.e.m.c.MovieController:
	{GET [/api/movies/health]}: healthCheck()
	{POST [/api/movies]}: createMovie(Movie)
	{GET [/api/movies/{id}]}: getMovieById(Long)
	{PUT [/api/movies/{id}]}: updateMovie(Long,Movie)
	{DELETE [/api/movies/{id}]}: deleteMovie(Long)
	{GET [/api/movies]}: getAllMovies()
10:41:40.690 [main] DEBUG org.springframework.web.servlet.mvc.method.annotation.RequestMappingHandlerMapping - 6 mappings in org.springframework.web.servlet.mvc.method.annotation.RequestMappingHandlerMapping
10:41:40.703 [main] DEBUG org.springframework.web.servlet.mvc.method.annotation.RequestMappingHandlerAdapter - ControllerAdvice beans: 0 @ModelAttribute, 0 @InitBinder, 1 RequestBodyAdvice, 1 ResponseBodyAdvice
10:41:40.708 [main] DEBUG org.springframework.web.servlet.mvc.method.annotation.ExceptionHandlerExceptionResolver - ControllerAdvice beans: 0 @ExceptionHandler, 1 ResponseBodyAdvice
10:41:40.708 [main] INFO org.springframework.mock.web.MockServletContext - Initializing Spring TestDispatcherServlet ''
10:41:40.708 [main] INFO org.springframework.test.web.servlet.TestDispatcherServlet - Initializing Servlet ''
10:41:40.708 [main] DEBUG org.springframework.test.web.servlet.TestDispatcherServlet - Detected AcceptHeaderLocaleResolver
10:41:40.708 [main] DEBUG org.springframework.test.web.servlet.TestDispatcherServlet - Detected FixedThemeResolver
10:41:40.708 [main] DEBUG org.springframework.test.web.servlet.TestDispatcherServlet - Detected org.springframework.web.servlet.view.DefaultRequestToViewNameTranslator@428ff618
10:41:40.708 [main] DEBUG org.springframework.test.web.servlet.TestDispatcherServlet - Detected org.springframework.web.servlet.support.SessionFlashMapManager@739481d5
10:41:40.708 [main] DEBUG org.springframework.test.web.servlet.TestDispatcherServlet - enableLoggingRequestDetails='false': request parameters and headers will be masked to prevent unsafe logging of potentially sensitive data
10:41:40.710 [main] INFO org.springframework.test.web.servlet.TestDispatcherServlet - Completed initialization in 2 ms
10:41:40.712 [main] DEBUG org.springframework.test.web.servlet.TestDispatcherServlet - GET "/api/movies/999", parameters={}
10:41:40.712 [main] DEBUG org.springframework.web.servlet.mvc.method.annotation.RequestMappingHandlerMapping - Mapped to com.example.movieworld.controller.MovieController#getMovieById(Long)
10:41:40.728 [main] DEBUG org.springframework.web.servlet.mvc.method.annotation.HttpEntityMethodProcessor - Using 'application/json', given [*/*] and supported [application/json, application/*+json]
10:41:40.728 [main] DEBUG org.springframework.web.servlet.mvc.method.annotation.HttpEntityMethodProcessor - Nothing to write: null body
10:41:40.730 [main] DEBUG org.springframework.test.web.servlet.TestDispatcherServlet - Completed 404 NOT_FOUND
]]></system-out>
  </testcase>
  <testcase name="testDeleteMovie_Success" classname="com.example.movieworld.controller.MovieControllerTest" time="0.054">
    <system-out><![CDATA[10:41:40.750 [main] DEBUG _org.springframework.web.servlet.HandlerMapping.Mappings - 
	c.e.m.c.MovieController:
	{GET [/api/movies/health]}: healthCheck()
	{POST [/api/movies]}: createMovie(Movie)
	{GET [/api/movies/{id}]}: getMovieById(Long)
	{PUT [/api/movies/{id}]}: updateMovie(Long,Movie)
	{DELETE [/api/movies/{id}]}: deleteMovie(Long)
	{GET [/api/movies]}: getAllMovies()
10:41:40.751 [main] DEBUG org.springframework.web.servlet.mvc.method.annotation.RequestMappingHandlerMapping - 6 mappings in org.springframework.web.servlet.mvc.method.annotation.RequestMappingHandlerMapping
10:41:40.765 [main] DEBUG org.springframework.web.servlet.mvc.method.annotation.RequestMappingHandlerAdapter - ControllerAdvice beans: 0 @ModelAttribute, 0 @InitBinder, 1 RequestBodyAdvice, 1 ResponseBodyAdvice
10:41:40.773 [main] DEBUG org.springframework.web.servlet.mvc.method.annotation.ExceptionHandlerExceptionResolver - ControllerAdvice beans: 0 @ExceptionHandler, 1 ResponseBodyAdvice
10:41:40.774 [main] INFO org.springframework.mock.web.MockServletContext - Initializing Spring TestDispatcherServlet ''
10:41:40.774 [main] INFO org.springframework.test.web.servlet.TestDispatcherServlet - Initializing Servlet ''
10:41:40.774 [main] DEBUG org.springframework.test.web.servlet.TestDispatcherServlet - Detected AcceptHeaderLocaleResolver
10:41:40.774 [main] DEBUG org.springframework.test.web.servlet.TestDispatcherServlet - Detected FixedThemeResolver
10:41:40.774 [main] DEBUG org.springframework.test.web.servlet.TestDispatcherServlet - Detected org.springframework.web.servlet.view.DefaultRequestToViewNameTranslator@44eab1b0
10:41:40.774 [main] DEBUG org.springframework.test.web.servlet.TestDispatcherServlet - Detected org.springframework.web.servlet.support.SessionFlashMapManager@4627cd63
10:41:40.776 [main] DEBUG org.springframework.test.web.servlet.TestDispatcherServlet - enableLoggingRequestDetails='false': request parameters and headers will be masked to prevent unsafe logging of potentially sensitive data
10:41:40.776 [main] INFO org.springframework.test.web.servlet.TestDispatcherServlet - Completed initialization in 2 ms
10:41:40.781 [main] DEBUG org.springframework.test.web.servlet.TestDispatcherServlet - DELETE "/api/movies/1", parameters={}
10:41:40.783 [main] DEBUG org.springframework.web.servlet.mvc.method.annotation.RequestMappingHandlerMapping - Mapped to com.example.movieworld.controller.MovieController#deleteMovie(Long)
10:41:40.790 [main] DEBUG org.springframework.web.servlet.mvc.method.annotation.HttpEntityMethodProcessor - Using 'application/json', given [*/*] and supported [application/json, application/*+json]
10:41:40.790 [main] DEBUG org.springframework.web.servlet.mvc.method.annotation.HttpEntityMethodProcessor - Nothing to write: null body
10:41:40.790 [main] DEBUG org.springframework.test.web.servlet.TestDispatcherServlet - Completed 204 NO_CONTENT
]]></system-out>
  </testcase>
  <testcase name="testUpdateMovie_NotFound" classname="com.example.movieworld.controller.MovieControllerTest" time="0.119">
    <system-out><![CDATA[10:41:40.852 [main] DEBUG _org.springframework.web.servlet.HandlerMapping.Mappings - 
	c.e.m.c.MovieController:
	{GET [/api/movies/health]}: healthCheck()
	{POST [/api/movies]}: createMovie(Movie)
	{GET [/api/movies/{id}]}: getMovieById(Long)
	{PUT [/api/movies/{id}]}: updateMovie(Long,Movie)
	{DELETE [/api/movies/{id}]}: deleteMovie(Long)
	{GET [/api/movies]}: getAllMovies()
10:41:40.863 [main] DEBUG org.springframework.web.servlet.mvc.method.annotation.RequestMappingHandlerMapping - 6 mappings in org.springframework.web.servlet.mvc.method.annotation.RequestMappingHandlerMapping
10:41:40.872 [main] DEBUG org.springframework.web.servlet.mvc.method.annotation.RequestMappingHandlerAdapter - ControllerAdvice beans: 0 @ModelAttribute, 0 @InitBinder, 1 RequestBodyAdvice, 1 ResponseBodyAdvice
10:41:40.880 [main] DEBUG org.springframework.web.servlet.mvc.method.annotation.ExceptionHandlerExceptionResolver - ControllerAdvice beans: 0 @ExceptionHandler, 1 ResponseBodyAdvice
10:41:40.882 [main] INFO org.springframework.mock.web.MockServletContext - Initializing Spring TestDispatcherServlet ''
10:41:40.882 [main] INFO org.springframework.test.web.servlet.TestDispatcherServlet - Initializing Servlet ''
10:41:40.882 [main] DEBUG org.springframework.test.web.servlet.TestDispatcherServlet - Detected AcceptHeaderLocaleResolver
10:41:40.882 [main] DEBUG org.springframework.test.web.servlet.TestDispatcherServlet - Detected FixedThemeResolver
10:41:40.882 [main] DEBUG org.springframework.test.web.servlet.TestDispatcherServlet - Detected org.springframework.web.servlet.view.DefaultRequestToViewNameTranslator@1d015f5
10:41:40.882 [main] DEBUG org.springframework.test.web.servlet.TestDispatcherServlet - Detected org.springframework.web.servlet.support.SessionFlashMapManager@338e421f
10:41:40.882 [main] DEBUG org.springframework.test.web.servlet.TestDispatcherServlet - enableLoggingRequestDetails='false': request parameters and headers will be masked to prevent unsafe logging of potentially sensitive data
10:41:40.882 [main] INFO org.springframework.test.web.servlet.TestDispatcherServlet - Completed initialization in 0 ms
10:41:40.887 [main] DEBUG org.springframework.test.web.servlet.TestDispatcherServlet - PUT "/api/movies/999", parameters={}
10:41:40.887 [main] DEBUG org.springframework.web.servlet.mvc.method.annotation.RequestMappingHandlerMapping - Mapped to com.example.movieworld.controller.MovieController#updateMovie(Long, Movie)
10:41:40.900 [main] DEBUG org.springframework.web.servlet.mvc.method.annotation.RequestResponseBodyMethodProcessor - Read "application/json" to [com.example.movieworld.model.Movie@df1d05b]
10:41:40.914 [main] DEBUG org.springframework.web.servlet.mvc.method.annotation.HttpEntityMethodProcessor - Using 'application/json', given [*/*] and supported [application/json, application/*+json]
10:41:40.914 [main] DEBUG org.springframework.web.servlet.mvc.method.annotation.HttpEntityMethodProcessor - Nothing to write: null body
10:41:40.914 [main] DEBUG org.springframework.test.web.servlet.TestDispatcherServlet - Completed 404 NOT_FOUND
]]></system-out>
  </testcase>
  <testcase name="testUpdateMovie_Success" classname="com.example.movieworld.controller.MovieControllerTest" time="0.083">
    <system-out><![CDATA[10:41:40.935 [main] DEBUG _org.springframework.web.servlet.HandlerMapping.Mappings - 
	c.e.m.c.MovieController:
	{GET [/api/movies/health]}: healthCheck()
	{POST [/api/movies]}: createMovie(Movie)
	{GET [/api/movies/{id}]}: getMovieById(Long)
	{PUT [/api/movies/{id}]}: updateMovie(Long,Movie)
	{DELETE [/api/movies/{id}]}: deleteMovie(Long)
	{GET [/api/movies]}: getAllMovies()
10:41:40.937 [main] DEBUG org.springframework.web.servlet.mvc.method.annotation.RequestMappingHandlerMapping - 6 mappings in org.springframework.web.servlet.mvc.method.annotation.RequestMappingHandlerMapping
10:41:40.948 [main] DEBUG org.springframework.web.servlet.mvc.method.annotation.RequestMappingHandlerAdapter - ControllerAdvice beans: 0 @ModelAttribute, 0 @InitBinder, 1 RequestBodyAdvice, 1 ResponseBodyAdvice
10:41:40.952 [main] DEBUG org.springframework.web.servlet.mvc.method.annotation.ExceptionHandlerExceptionResolver - ControllerAdvice beans: 0 @ExceptionHandler, 1 ResponseBodyAdvice
10:41:40.952 [main] INFO org.springframework.mock.web.MockServletContext - Initializing Spring TestDispatcherServlet ''
10:41:40.952 [main] INFO org.springframework.test.web.servlet.TestDispatcherServlet - Initializing Servlet ''
10:41:40.952 [main] DEBUG org.springframework.test.web.servlet.TestDispatcherServlet - Detected AcceptHeaderLocaleResolver
10:41:40.952 [main] DEBUG org.springframework.test.web.servlet.TestDispatcherServlet - Detected FixedThemeResolver
10:41:40.952 [main] DEBUG org.springframework.test.web.servlet.TestDispatcherServlet - Detected org.springframework.web.servlet.view.DefaultRequestToViewNameTranslator@6a19485f
10:41:40.956 [main] DEBUG org.springframework.test.web.servlet.TestDispatcherServlet - Detected org.springframework.web.servlet.support.SessionFlashMapManager@544e713e
10:41:40.956 [main] DEBUG org.springframework.test.web.servlet.TestDispatcherServlet - enableLoggingRequestDetails='false': request parameters and headers will be masked to prevent unsafe logging of potentially sensitive data
10:41:40.956 [main] INFO org.springframework.test.web.servlet.TestDispatcherServlet - Completed initialization in 4 ms
10:41:40.971 [main] DEBUG org.springframework.test.web.servlet.TestDispatcherServlet - PUT "/api/movies/1", parameters={}
10:41:40.971 [main] DEBUG org.springframework.web.servlet.mvc.method.annotation.RequestMappingHandlerMapping - Mapped to com.example.movieworld.controller.MovieController#updateMovie(Long, Movie)
10:41:40.982 [main] DEBUG org.springframework.web.servlet.mvc.method.annotation.RequestResponseBodyMethodProcessor - Read "application/json" to [com.example.movieworld.model.Movie@5299fd79]
10:41:40.997 [main] DEBUG org.springframework.web.servlet.mvc.method.annotation.HttpEntityMethodProcessor - Using 'application/json', given [*/*] and supported [application/json, application/*+json]
10:41:40.997 [main] DEBUG org.springframework.web.servlet.mvc.method.annotation.HttpEntityMethodProcessor - Writing [com.example.movieworld.model.Movie@3ff56df9]
10:41:41.000 [main] DEBUG org.springframework.test.web.servlet.TestDispatcherServlet - Completed 200 OK
10:41:41.002 [main] DEBUG com.jayway.jsonpath.internal.path.CompiledPath - Evaluating path: $['id']
10:41:41.004 [main] DEBUG com.jayway.jsonpath.internal.path.CompiledPath - Evaluating path: $['id']
10:41:41.004 [main] DEBUG com.jayway.jsonpath.internal.path.CompiledPath - Evaluating path: $['title']
10:41:41.004 [main] DEBUG com.jayway.jsonpath.internal.path.CompiledPath - Evaluating path: $['genre']
]]></system-out>
  </testcase>
  <testcase name="testHealthCheck" classname="com.example.movieworld.controller.MovieControllerTest" time="0.04">
    <system-out><![CDATA[10:41:41.024 [main] DEBUG _org.springframework.web.servlet.HandlerMapping.Mappings - 
	c.e.m.c.MovieController:
	{GET [/api/movies/health]}: healthCheck()
	{POST [/api/movies]}: createMovie(Movie)
	{GET [/api/movies/{id}]}: getMovieById(Long)
	{PUT [/api/movies/{id}]}: updateMovie(Long,Movie)
	{DELETE [/api/movies/{id}]}: deleteMovie(Long)
	{GET [/api/movies]}: getAllMovies()
10:41:41.026 [main] DEBUG org.springframework.web.servlet.mvc.method.annotation.RequestMappingHandlerMapping - 6 mappings in org.springframework.web.servlet.mvc.method.annotation.RequestMappingHandlerMapping
10:41:41.031 [main] DEBUG org.springframework.web.servlet.mvc.method.annotation.RequestMappingHandlerAdapter - ControllerAdvice beans: 0 @ModelAttribute, 0 @InitBinder, 1 RequestBodyAdvice, 1 ResponseBodyAdvice
10:41:41.033 [main] DEBUG org.springframework.web.servlet.mvc.method.annotation.ExceptionHandlerExceptionResolver - ControllerAdvice beans: 0 @ExceptionHandler, 1 ResponseBodyAdvice
10:41:41.035 [main] INFO org.springframework.mock.web.MockServletContext - Initializing Spring TestDispatcherServlet ''
10:41:41.037 [main] INFO org.springframework.test.web.servlet.TestDispatcherServlet - Initializing Servlet ''
10:41:41.037 [main] DEBUG org.springframework.test.web.servlet.TestDispatcherServlet - Detected AcceptHeaderLocaleResolver
10:41:41.037 [main] DEBUG org.springframework.test.web.servlet.TestDispatcherServlet - Detected FixedThemeResolver
10:41:41.037 [main] DEBUG org.springframework.test.web.servlet.TestDispatcherServlet - Detected org.springframework.web.servlet.view.DefaultRequestToViewNameTranslator@3d6f45da
10:41:41.037 [main] DEBUG org.springframework.test.web.servlet.TestDispatcherServlet - Detected org.springframework.web.servlet.support.SessionFlashMapManager@71d4528b
10:41:41.037 [main] DEBUG org.springframework.test.web.servlet.TestDispatcherServlet - enableLoggingRequestDetails='false': request parameters and headers will be masked to prevent unsafe logging of potentially sensitive data
10:41:41.037 [main] INFO org.springframework.test.web.servlet.TestDispatcherServlet - Completed initialization in 0 ms
10:41:41.037 [main] DEBUG org.springframework.test.web.servlet.TestDispatcherServlet - GET "/api/movies/health", parameters={}
10:41:41.039 [main] DEBUG org.springframework.web.servlet.mvc.method.annotation.RequestMappingHandlerMapping - Mapped to com.example.movieworld.controller.MovieController#healthCheck()
10:41:41.045 [main] DEBUG org.springframework.web.servlet.mvc.method.annotation.HttpEntityMethodProcessor - Using 'application/json', given [*/*] and supported [application/json, application/*+json]
10:41:41.045 [main] DEBUG org.springframework.web.servlet.mvc.method.annotation.HttpEntityMethodProcessor - Writing [com.example.movieworld.controller.MovieController$HealthStatus@1212bd7a]
10:41:41.047 [main] DEBUG org.springframework.test.web.servlet.TestDispatcherServlet - Completed 200 OK
10:41:41.047 [main] DEBUG com.jayway.jsonpath.internal.path.CompiledPath - Evaluating path: $['status']
10:41:41.047 [main] DEBUG com.jayway.jsonpath.internal.path.CompiledPath - Evaluating path: $['message']
]]></system-out>
  </testcase>
  <testcase name="testDeleteMovie_NotFound" classname="com.example.movieworld.controller.MovieControllerTest" time="0.076">
    <system-out><![CDATA[10:41:41.065 [main] DEBUG _org.springframework.web.servlet.HandlerMapping.Mappings - 
	c.e.m.c.MovieController:
	{GET [/api/movies/health]}: healthCheck()
	{POST [/api/movies]}: createMovie(Movie)
	{GET [/api/movies/{id}]}: getMovieById(Long)
	{PUT [/api/movies/{id}]}: updateMovie(Long,Movie)
	{DELETE [/api/movies/{id}]}: deleteMovie(Long)
	{GET [/api/movies]}: getAllMovies()
10:41:41.069 [main] DEBUG org.springframework.web.servlet.mvc.method.annotation.RequestMappingHandlerMapping - 6 mappings in org.springframework.web.servlet.mvc.method.annotation.RequestMappingHandlerMapping
10:41:41.082 [main] DEBUG org.springframework.web.servlet.mvc.method.annotation.RequestMappingHandlerAdapter - ControllerAdvice beans: 0 @ModelAttribute, 0 @InitBinder, 1 RequestBodyAdvice, 1 ResponseBodyAdvice
10:41:41.092 [main] DEBUG org.springframework.web.servlet.mvc.method.annotation.ExceptionHandlerExceptionResolver - ControllerAdvice beans: 0 @ExceptionHandler, 1 ResponseBodyAdvice
10:41:41.094 [main] INFO org.springframework.mock.web.MockServletContext - Initializing Spring TestDispatcherServlet ''
10:41:41.096 [main] INFO org.springframework.test.web.servlet.TestDispatcherServlet - Initializing Servlet ''
10:41:41.096 [main] DEBUG org.springframework.test.web.servlet.TestDispatcherServlet - Detected AcceptHeaderLocaleResolver
10:41:41.096 [main] DEBUG org.springframework.test.web.servlet.TestDispatcherServlet - Detected FixedThemeResolver
10:41:41.096 [main] DEBUG org.springframework.test.web.servlet.TestDispatcherServlet - Detected org.springframework.web.servlet.view.DefaultRequestToViewNameTranslator@344862e
10:41:41.096 [main] DEBUG org.springframework.test.web.servlet.TestDispatcherServlet - Detected org.springframework.web.servlet.support.SessionFlashMapManager@5f03144a
10:41:41.096 [main] DEBUG org.springframework.test.web.servlet.TestDispatcherServlet - enableLoggingRequestDetails='false': request parameters and headers will be masked to prevent unsafe logging of potentially sensitive data
10:41:41.103 [main] INFO org.springframework.test.web.servlet.TestDispatcherServlet - Completed initialization in 7 ms
10:41:41.107 [main] DEBUG org.springframework.test.web.servlet.TestDispatcherServlet - DELETE "/api/movies/999", parameters={}
10:41:41.110 [main] DEBUG org.springframework.web.servlet.mvc.method.annotation.RequestMappingHandlerMapping - Mapped to com.example.movieworld.controller.MovieController#deleteMovie(Long)
10:41:41.122 [main] DEBUG org.springframework.web.servlet.mvc.method.annotation.HttpEntityMethodProcessor - Using 'application/json', given [*/*] and supported [application/json, application/*+json]
10:41:41.122 [main] DEBUG org.springframework.web.servlet.mvc.method.annotation.HttpEntityMethodProcessor - Nothing to write: null body
10:41:41.122 [main] DEBUG org.springframework.test.web.servlet.TestDispatcherServlet - Completed 404 NOT_FOUND
]]></system-out>
  </testcase>
</testsuite>