<?xml version="1.0" encoding="UTF-8"?>
<testsuite xmlns:xsi="http://www.w3.org/2001/XMLSchema-instance" xsi:noNamespaceSchemaLocation="https://maven.apache.org/surefire/maven-surefire-plugin/xsd/surefire-test-report-3.0.xsd" version="3.0" name="com.example.movieworld.MovieWorldApplicationTest" time="25.47" tests="1" errors="0" skipped="0" failures="0">
  <properties>
[...]
</properties>
  <testcase name="contextLoads" classname="com.example.movieworld.MovieWorldApplicationTest" time="0.341">
    <system-out><![CDATA[18:20:57.519 [main] DEBUG org.springframework.test.context.BootstrapUtils - Instantiating CacheAwareContextLoaderDelegate from class [org.springframework.test.context.cache.DefaultCacheAwareContextLoaderDelegate]
18:20:57.572 [main] DEBUG org.springframework.test.context.BootstrapUtils - Instantiating BootstrapContext using constructor [public org.springframework.test.context.support.DefaultBootstrapContext(java.lang.Class,org.springframework.test.context.CacheAwareContextLoaderDelegate)]
18:20:57.880 [main] DEBUG org.springframework.test.context.BootstrapUtils - Instantiating TestContextBootstrapper for test class [com.example.movieworld.MovieWorldApplicationTest] from class [org.springframework.boot.test.context.SpringBootTestContextBootstrapper]
18:20:58.000 [main] INFO org.springframework.boot.test.context.SpringBootTestContextBootstrapper - Neither @ContextConfiguration nor @ContextHierarchy found for test class [com.example.movieworld.MovieWorldApplicationTest], using SpringBootContextLoader
18:20:58.032 [main] DEBUG org.springframework.test.context.support.AbstractContextLoader - Did not detect default resource location for test class [com.example.movieworld.MovieWorldApplicationTest]: class path resource [com/example/movieworld/MovieWorldApplicationTest-context.xml] does not exist
18:20:58.035 [main] DEBUG org.springframework.test.context.support.AbstractContextLoader - Did not detect default resource location for test class [com.example.movieworld.MovieWorldApplicationTest]: class path resource [com/example/movieworld/MovieWorldApplicationTestContext.groovy] does not exist
18:20:58.035 [main] INFO org.springframework.test.context.support.AbstractContextLoader - Could not detect default resource locations for test class [com.example.movieworld.MovieWorldApplicationTest]: no resource found for suffixes {-context.xml, Context.groovy}.
18:20:58.038 [main] INFO org.springframework.test.context.support.AnnotationConfigContextLoaderUtils - Could not detect default configuration classes for test class [com.example.movieworld.MovieWorldApplicationTest]: MovieWorldApplicationTest does not declare any static, non-private, non-final, nested classes annotated with @Configuration.
18:20:58.739 [main] DEBUG org.springframework.test.context.support.ActiveProfilesUtils - Could not find an 'annotation declaring class' for annotation type [org.springframework.test.context.ActiveProfiles] and class [com.example.movieworld.MovieWorldApplicationTest]
18:20:59.223 [main] DEBUG org.springframework.context.annotation.ClassPathScanningCandidateComponentProvider - Identified candidate component class: file [C:\Users\stutis\Desktop\Cursor-My First Project\target\classes\com\example\movieworld\MovieWorldApplication.class]
18:20:59.225 [main] INFO org.springframework.boot.test.context.SpringBootTestContextBootstrapper - Found @SpringBootConfiguration com.example.movieworld.MovieWorldApplication for test class com.example.movieworld.MovieWorldApplicationTest
18:21:01.067 [main] DEBUG org.springframework.boot.test.context.SpringBootTestContextBootstrapper - @TestExecutionListeners is not present for class [com.example.movieworld.MovieWorldApplicationTest]: using defaults.
18:21:01.070 [main] INFO org.springframework.boot.test.context.SpringBootTestContextBootstrapper - Loaded default TestExecutionListener class names from location [META-INF/spring.factories]: [org.springframework.boot.test.mock.mockito.MockitoTestExecutionListener, org.springframework.boot.test.mock.mockito.ResetMocksTestExecutionListener, org.springframework.boot.test.autoconfigure.restdocs.RestDocsTestExecutionListener, org.springframework.boot.test.autoconfigure.web.client.MockRestServiceServerResetTestExecutionListener, org.springframework.boot.test.autoconfigure.web.servlet.MockMvcPrintOnlyOnFailureTestExecutionListener, org.springframework.boot.test.autoconfigure.web.servlet.WebDriverTestExecutionListener, org.springframework.boot.test.autoconfigure.webservices.client.MockWebServiceServerTestExecutionListener, org.springframework.test.context.web.ServletTestExecutionListener, org.springframework.test.context.support.DirtiesContextBeforeModesTestExecutionListener, org.springframework.test.context.event.ApplicationEventsTestExecutionListener, org.springframework.test.context.support.DependencyInjectionTestExecutionListener, org.springframework.test.context.support.DirtiesContextTestExecutionListener, org.springframework.test.context.transaction.TransactionalTestExecutionListener, org.springframework.test.context.jdbc.SqlScriptsTestExecutionListener, org.springframework.test.context.event.EventPublishingTestExecutionListener]
18:21:01.356 [main] INFO org.springframework.boot.test.context.SpringBootTestContextBootstrapper - Using TestExecutionListeners: [org.springframework.test.context.web.ServletTestExecutionListener@18ff1520, org.springframework.test.context.support.DirtiesContextBeforeModesTestExecutionListener@36120a8b, org.springframework.test.context.event.ApplicationEventsTestExecutionListener@63d66761, org.springframework.boot.test.mock.mockito.MockitoTestExecutionListener@434a8938, org.springframework.boot.test.autoconfigure.SpringBootDependencyInjectionTestExecutionListener@237cd264, org.springframework.test.context.support.DirtiesContextTestExecutionListener@51cd2d2, org.springframework.test.context.transaction.TransactionalTestExecutionListener@5521407f, org.springframework.test.context.jdbc.SqlScriptsTestExecutionListener@42b500aa, org.springframework.test.context.event.EventPublishingTestExecutionListener@71f056a, org.springframework.boot.test.mock.mockito.ResetMocksTestExecutionListener@64f6dd19, org.springframework.boot.test.autoconfigure.restdocs.RestDocsTestExecutionListener@3b8b5b40, org.springframework.boot.test.autoconfigure.web.client.MockRestServiceServerResetTestExecutionListener@5151accb, org.springframework.boot.test.autoconfigure.web.servlet.MockMvcPrintOnlyOnFailureTestExecutionListener@2e1ad7de, org.springframework.boot.test.autoconfigure.web.servlet.WebDriverTestExecutionListener@7c56c911, org.springframework.boot.test.autoconfigure.webservices.client.MockWebServiceServerTestExecutionListener@1de6dc80]
18:21:01.364 [main] DEBUG org.springframework.test.context.support.AbstractDirtiesContextTestExecutionListener - Before test class: context [DefaultTestContext@719bb60d testClass = MovieWorldApplicationTest, testInstance = [null], testMethod = [null], testException = [null], mergedContextConfiguration = [WebMergedContextConfiguration@5981f2c6 testClass = MovieWorldApplicationTest, locations = '{}', classes = '{class com.example.movieworld.MovieWorldApplication}', contextInitializerClasses = '[]', activeProfiles = '{}', propertySourceLocations = '{}', propertySourceProperties = '{spring.datasource.url=jdbc:h2:mem:testdb, spring.datasource.driver-class-name=org.h2.Driver, spring.jpa.hibernate.ddl-auto=create-drop, spring.jpa.database-platform=org.hibernate.dialect.H2Dialect, spring.jpa.properties.hibernate.dialect=org.hibernate.dialect.H2Dialect, spring.sql.init.mode=never, spring.jpa.defer-datasource-initialization=false, org.springframework.boot.test.context.SpringBootTestContextBootstrapper=true}', contextCustomizers = set[org.springframework.boot.test.context.filter.ExcludeFilterContextCustomizer@34c53688, org.springframework.boot.test.json.DuplicateJsonObjectContextCustomizerFactory$DuplicateJsonObjectContextCustomizer@5d124d29, org.springframework.boot.test.mock.mockito.MockitoContextCustomizer@0, org.springframework.boot.test.web.client.TestRestTemplateContextCustomizer@13cc0b90, org.springframework.boot.test.autoconfigure.actuate.metrics.MetricsExportContextCustomizerFactory$DisableMetricExportContextCustomizer@f245bdd, org.springframework.boot.test.autoconfigure.properties.PropertyMappingContextCustomizer@0, org.springframework.boot.test.autoconfigure.web.servlet.WebDriverContextCustomizerFactory$Customizer@46394f65, org.springframework.boot.test.context.SpringBootTestArgs@1, org.springframework.boot.test.context.SpringBootTestWebEnvironment@61f2c3f0], resourceBasePath = 'src/main/webapp', contextLoader = 'org.springframework.boot.test.context.SpringBootContextLoader', parent = [null]], attributes = map['org.springframework.test.context.web.ServletTestExecutionListener.activateListener' -> true]], class annotated with @DirtiesContext [false] with mode [null].

  .   ____          _            __ _ _
 /\\ / ___'_ __ _ _(_)_ __  __ _ \ \ \ \
( ( )\___ | '_ | '_| | '_ \/ _` | \ \ \ \
 \\/  ___)| |_)| | | | | || (_| |  ) ) ) )
  '  |____| .__|_| |_|_| |_\__, | / / / /
 =========|_|==============|___/=/_/_/_/
 :: Spring Boot ::               (v2.7.18)

2026-02-05 18:21:02.706  INFO 17776 --- [           main] c.e.m.MovieWorldApplicationTest          : Starting MovieWorldApplicationTest using Java 11.0.15 on Stutis-VD3 with PID 17776 (started by stutis in C:\Users\stutis\Desktop\Cursor-My First Project)
2026-02-05 18:21:02.710  INFO 17776 --- [           main] c.e.m.MovieWorldApplicationTest          : No active profile set, falling back to 1 default profile: "default"
2026-02-05 18:21:05.871  INFO 17776 --- [           main] .s.d.r.c.RepositoryConfigurationDelegate : Bootstrapping Spring Data JPA repositories in DEFAULT mode.
2026-02-05 18:21:06.097  INFO 17776 --- [           main] .s.d.r.c.RepositoryConfigurationDelegate : Finished Spring Data repository scanning in 186 ms. Found 1 JPA repository interfaces.
2026-02-05 18:21:08.648  INFO 17776 --- [           main] o.hibernate.jpa.internal.util.LogHelper  : HHH000204: Processing PersistenceUnitInfo [name: default]
2026-02-05 18:21:09.038  INFO 17776 --- [           main] org.hibernate.Version                    : HHH000412: Hibernate ORM core version 5.6.15.Final
2026-02-05 18:21:10.037  INFO 17776 --- [           main] o.hibernate.annotations.common.Version   : HCANN000001: Hibernate Commons Annotations {5.1.2.Final}
2026-02-05 18:21:10.917  INFO 17776 --- [           main] com.zaxxer.hikari.HikariDataSource       : HikariPool-1 - Starting...
2026-02-05 18:21:12.595  INFO 17776 --- [           main] com.zaxxer.hikari.HikariDataSource       : HikariPool-1 - Start completed.
2026-02-05 18:21:12.658  INFO 17776 --- [           main] org.hibernate.dialect.Dialect            : HHH000400: Using dialect: org.hibernate.dialect.H2Dialect
Hibernate: drop table if exists movie CASCADE 
Hibernate: create table movie (id bigint generated by default as identity, director varchar(255), genre varchar(255), title varchar(255), release_year integer, primary key (id))
2026-02-05 18:21:15.223  INFO 17776 --- [           main] o.h.e.t.j.p.i.JtaPlatformInitiator       : HHH000490: Using JtaPlatform implementation: [org.hibernate.engine.transaction.jta.platform.internal.NoJtaPlatform]
2026-02-05 18:21:15.254  INFO 17776 --- [           main] j.LocalContainerEntityManagerFactoryBean : Initialized JPA EntityManagerFactory for persistence unit 'default'
2026-02-05 18:21:17.560  WARN 17776 --- [           main] JpaBaseConfiguration$JpaWebConfiguration : spring.jpa.open-in-view is enabled by default. Therefore, database queries may be performed during view rendering. Explicitly configure spring.jpa.open-in-view to disable this warning
2026-02-05 18:21:21.464  INFO 17776 --- [           main] c.e.m.MovieWorldApplicationTest          : Started MovieWorldApplicationTest in 19.878 seconds (JVM running for 27.238)
Hibernate: select count(*) as col_0_0_ from movie movie0_
2026-02-05 18:21:22.068  INFO 17776 --- [           main] c.e.movieworld.config.DataInitializer    : Initializing dummy movie data...
Hibernate: insert into movie (id, director, genre, title, release_year) values (default, ?, ?, ?, ?)
Hibernate: insert into movie (id, director, genre, title, release_year) values (default, ?, ?, ?, ?)
Hibernate: select count(*) as col_0_0_ from movie movie0_
2026-02-05 18:21:22.172  INFO 17776 --- [           main] c.e.movieworld.config.DataInitializer    : Successfully initialized 2 dummy movies
]]></system-out>
  </testcase>
</testsuite>