<?xml version="1.0" encoding="UTF-8"?>
<testsuite xmlns:xsi="http://www.w3.org/2001/XMLSchema-instance" xsi:noNamespaceSchemaLocation="https://maven.apache.org/surefire/maven-surefire-plugin/xsd/surefire-test-report-3.0.xsd" version="3.0" name="com.example.movieworld.config.DataInitializerTest" time="3.816" tests="3" errors="0" skipped="0" failures="0">
  <properties>
[...]
</properties>
  <testcase name="testRun_ShouldCreateCorrectMovies" classname="com.example.movieworld.config.DataInitializerTest" time="3.639">
    <system-out><![CDATA[18:20:40.533 [main] INFO com.example.movieworld.config.DataInitializer - Initializing dummy movie data...
18:20:40.557 [main] INFO com.example.movieworld.config.DataInitializer - Successfully initialized 2 dummy movies
]]></system-out>
  </testcase>
  <testcase name="testRun_WhenDatabaseIsEmpty_ShouldInitializeMovies" classname="com.example.movieworld.config.DataInitializerTest" time="0.016">
    <system-out><![CDATA[18:20:40.668 [main] INFO com.example.movieworld.config.DataInitializer - Initializing dummy movie data...
18:20:40.669 [main] INFO com.example.movieworld.config.DataInitializer - Successfully initialized 2 dummy movies
]]></system-out>
  </testcase>
  <testcase name="testRun_WhenDatabaseHasMovies_ShouldSkipInitialization" classname="com.example.movieworld.config.DataInitializerTest" time="0.009">
    <system-out><![CDATA[18:20:40.686 [main] INFO com.example.movieworld.config.DataInitializer - Movies already exist in database. Skipping initialization.
]]></system-out>
  </testcase>
</testsuite>