<?xml version="1.0" encoding="UTF-8"?>
<testsuite xmlns:xsi="http://www.w3.org/2001/XMLSchema-instance" xsi:noNamespaceSchemaLocation="https://maven.apache.org/surefire/maven-surefire-plugin/xsd/surefire-test-report-3.0.xsd" version="3.0" name="com.example.movieworld.controller.MovieControllerTest" time="7.147" tests="9" errors="0" skipped="0" failures="0">
  <properties>
[...]
</properties>
  <testcase name="testGetMovieById_Success" classname="com.example.movieworld.controller.MovieControllerTest" time="5.979">
    <system-out><![CDATA[18:20:50.131 [main] DEBUG _org.springframework.web.servlet.HandlerMapping.Mappings - 
	c.e.m.c.MovieController:
	{DELETE [/api/movies/{id}]}: deleteMovie(Long)
	{PUT [/api/movies/{id}]}: updateMovie(Long,Movie)
	{GET [/api/movies]}: getAllMovies()
	{GET [/api/movies/health]}: healthCheck()
	{GET [/api/movies/{id}]}: getMovieById(Long)
	{POST [/api/movies]}: createMovie(Movie)
18:20:50.159 [main] DEBUG org.springframework.web.servlet.mvc.method.annotation.RequestMappingHandlerMapping - 6 mappings in org.springframework.web.servlet.mvc.method.annotation.RequestMappingHandlerMapping
18:20:51.093 [main] DEBUG org.springframework.web.servlet.mvc.method.annotation.RequestMappingHandlerAdapter - ControllerAdvice beans: 0 @ModelAttribute, 0 @InitBinder, 1 RequestBodyAdvice, 1 ResponseBodyAdvice
18:20:51.295 [main] DEBUG org.springframework.web.servlet.mvc.method.annotation.ExceptionHandlerExceptionResolver - ControllerAdvice beans: 0 @ExceptionHandler, 1 ResponseBodyAdvice
18:20:51.361 [main] INFO org.springframework.mock.web.MockServletContext - Initializing Spring TestDispatcherServlet ''
18:20:51.361 [main] INFO org.springframework.test.web.servlet.TestDispatcherServlet - Initializing Servlet ''
18:20:51.395 [main] DEBUG org.springframework.test.web.servlet.TestDispatcherServlet - Detected AcceptHeaderLocaleResolver
18:20:51.397 [main] DEBUG org.springframework.test.web.servlet.TestDispatcherServlet - Detected FixedThemeResolver
18:20:51.398 [main] DEBUG org.springframework.test.web.servlet.TestDispatcherServlet - Detected org.springframework.web.servlet.view.DefaultRequestToViewNameTranslator@4d0ad526
18:20:51.398 [main] DEBUG org.springframework.test.web.servlet.TestDispatcherServlet - Detected org.springframework.web.servlet.support.SessionFlashMapManager@2c792d36
18:20:51.398 [main] DEBUG org.springframework.test.web.servlet.TestDispatcherServlet - enableLoggingRequestDetails='false': request parameters and headers will be masked to prevent unsafe logging of potentially sensitive data
18:20:51.398 [main] INFO org.springframework.test.web.servlet.TestDispatcherServlet - Completed initialization in 37 ms
18:20:51.633 [main] DEBUG org.springframework.test.web.servlet.TestDispatcherServlet - GET "/api/movies/1", parameters={}
18:20:51.652 [main] DEBUG org.springframework.web.servlet.mvc.method.annotation.RequestMappingHandlerMapping - Mapped to com.example.movieworld.controller.MovieController#getMovieById(Long)
18:20:52.018 [main] DEBUG org.springframework.web.servlet.mvc.method.annotation.HttpEntityMethodProcessor - Using 'application/json', given [*/*] and supported [application/json, application/*+json]
18:20:52.019 [main] DEBUG org.springframework.web.servlet.mvc.method.annotation.HttpEntityMethodProcessor - Writing [com.example.movieworld.model.Movie@70334e00]
18:20:52.075 [main] DEBUG org.springframework.test.web.servlet.TestDispatcherServlet - Completed 200 OK
18:20:52.238 [main] DEBUG com.jayway.jsonpath.internal.path.CompiledPath - Evaluating path: $['id']
18:20:52.270 [main] DEBUG com.jayway.jsonpath.internal.path.CompiledPath - Evaluating path: $['id']
18:20:52.272 [main] DEBUG com.jayway.jsonpath.internal.path.CompiledPath - Evaluating path: $['title']
18:20:52.273 [main] DEBUG com.jayway.jsonpath.internal.path.CompiledPath - Evaluating path: $['director']
18:20:52.273 [main] DEBUG com.jayway.jsonpath.internal.path.CompiledPath - Evaluating path: $['year']
18:20:52.273 [main] DEBUG com.jayway.jsonpath.internal.path.CompiledPath - Evaluating path: $['genre']
]]></system-out>
  </testcase>
  <testcase name="testCreateMovie" classname="com.example.movieworld.controller.MovieControllerTest" time="0.391">
    <system-out><![CDATA[18:20:52.393 [main] DEBUG _org.springframework.web.servlet.HandlerMapping.Mappings - 
	c.e.m.c.MovieController:
	{DELETE [/api/movies/{id}]}: deleteMovie(Long)
	{PUT [/api/movies/{id}]}: updateMovie(Long,Movie)
	{GET [/api/movies]}: getAllMovies()
	{GET [/api/movies/health]}: healthCheck()
	{GET [/api/movies/{id}]}: getMovieById(Long)
	{POST [/api/movies]}: createMovie(Movie)
18:20:52.395 [main] DEBUG org.springframework.web.servlet.mvc.method.annotation.RequestMappingHandlerMapping - 6 mappings in org.springframework.web.servlet.mvc.method.annotation.RequestMappingHandlerMapping
18:20:52.411 [main] DEBUG org.springframework.web.servlet.mvc.method.annotation.RequestMappingHandlerAdapter - ControllerAdvice beans: 0 @ModelAttribute, 0 @InitBinder, 1 RequestBodyAdvice, 1 ResponseBodyAdvice
18:20:52.422 [main] DEBUG org.springframework.web.servlet.mvc.method.annotation.ExceptionHandlerExceptionResolver - ControllerAdvice beans: 0 @ExceptionHandler, 1 ResponseBodyAdvice
18:20:52.422 [main] INFO org.springframework.mock.web.MockServletContext - Initializing Spring TestDispatcherServlet ''
18:20:52.422 [main] INFO org.springframework.test.web.servlet.TestDispatcherServlet - Initializing Servlet ''
18:20:52.424 [main] DEBUG org.springframework.test.web.servlet.TestDispatcherServlet - Detected AcceptHeaderLocaleResolver
18:20:52.424 [main] DEBUG org.springframework.test.web.servlet.TestDispatcherServlet - Detected FixedThemeResolver
18:20:52.426 [main] DEBUG org.springframework.test.web.servlet.TestDispatcherServlet - Detected org.springframework.web.servlet.view.DefaultRequestToViewNameTranslator@35989ae2
18:20:52.426 [main] DEBUG org.springframework.test.web.servlet.TestDispatcherServlet - Detected org.springframework.web.servlet.support.SessionFlashMapManager@7e5432ca
18:20:52.430 [main] DEBUG org.springframework.test.web.servlet.TestDispatcherServlet - enableLoggingRequestDetails='false': request parameters and headers will be masked to prevent unsafe logging of potentially sensitive data
18:20:52.430 [main] INFO org.springframework.test.web.servlet.TestDispatcherServlet - Completed initialization in 6 ms
18:20:52.470 [main] DEBUG org.springframework.test.web.servlet.TestDispatcherServlet - POST "/api/movies", parameters={}
18:20:52.471 [main] DEBUG org.springframework.web.servlet.mvc.method.annotation.RequestMappingHandlerMapping - Mapped to com.example.movieworld.controller.MovieController#createMovie(Movie)
18:20:52.661 [main] DEBUG org.springframework.web.servlet.mvc.method.annotation.RequestResponseBodyMethodProcessor - Read "application/json" to [com.example.movieworld.model.Movie@74642e97]
18:20:52.729 [main] DEBUG org.springframework.web.servlet.mvc.method.annotation.HttpEntityMethodProcessor - Using 'application/json', given [*/*] and supported [application/json, application/*+json]
18:20:52.731 [main] DEBUG org.springframework.web.servlet.mvc.method.annotation.HttpEntityMethodProcessor - Writing [com.example.movieworld.model.Movie@65f9a26b]
18:20:52.733 [main] DEBUG org.springframework.test.web.servlet.TestDispatcherServlet - Completed 201 CREATED
18:20:52.734 [main] DEBUG com.jayway.jsonpath.internal.path.CompiledPath - Evaluating path: $['id']
18:20:52.734 [main] DEBUG com.jayway.jsonpath.internal.path.CompiledPath - Evaluating path: $['id']
18:20:52.734 [main] DEBUG com.jayway.jsonpath.internal.path.CompiledPath - Evaluating path: $['title']
18:20:52.734 [main] DEBUG com.jayway.jsonpath.internal.path.CompiledPath - Evaluating path: $['director']
18:20:52.736 [main] DEBUG com.jayway.jsonpath.internal.path.CompiledPath - Evaluating path: $['year']
18:20:52.736 [main] DEBUG com.jayway.jsonpath.internal.path.CompiledPath - Evaluating path: $['genre']
]]></system-out>
  </testcase>
  <testcase name="testGetAllMovies" classname="com.example.movieworld.controller.MovieControllerTest" time="0.133">
    <system-out><![CDATA[18:20:52.814 [main] DEBUG _org.springframework.web.servlet.HandlerMapping.Mappings - 
	c.e.m.c.MovieController:
	{DELETE [/api/movies/{id}]}: deleteMovie(Long)
	{PUT [/api/movies/{id}]}: updateMovie(Long,Movie)
	{GET [/api/movies]}: getAllMovies()
	{GET [/api/movies/health]}: healthCheck()
	{GET [/api/movies/{id}]}: getMovieById(Long)
	{POST [/api/movies]}: createMovie(Movie)
18:20:52.816 [main] DEBUG org.springframework.web.servlet.mvc.method.annotation.RequestMappingHandlerMapping - 6 mappings in org.springframework.web.servlet.mvc.method.annotation.RequestMappingHandlerMapping
18:20:52.824 [main] DEBUG org.springframework.web.servlet.mvc.method.annotation.RequestMappingHandlerAdapter - ControllerAdvice beans: 0 @ModelAttribute, 0 @InitBinder, 1 RequestBodyAdvice, 1 ResponseBodyAdvice
18:20:52.848 [main] DEBUG org.springframework.web.servlet.mvc.method.annotation.ExceptionHandlerExceptionResolver - ControllerAdvice beans: 0 @ExceptionHandler, 1 ResponseBodyAdvice
18:20:52.850 [main] INFO org.springframework.mock.web.MockServletContext - Initializing Spring TestDispatcherServlet ''
18:20:52.850 [main] INFO org.springframework.test.web.servlet.TestDispatcherServlet - Initializing Servlet ''
18:20:52.851 [main] DEBUG org.springframework.test.web.servlet.TestDispatcherServlet - Detected AcceptHeaderLocaleResolver
18:20:52.851 [main] DEBUG org.springframework.test.web.servlet.TestDispatcherServlet - Detected FixedThemeResolver
18:20:52.852 [main] DEBUG org.springframework.test.web.servlet.TestDispatcherServlet - Detected org.springframework.web.servlet.view.DefaultRequestToViewNameTranslator@4085173e
18:20:52.852 [main] DEBUG org.springframework.test.web.servlet.TestDispatcherServlet - Detected org.springframework.web.servlet.support.SessionFlashMapManager@2937d3e
18:20:52.852 [main] DEBUG org.springframework.test.web.servlet.TestDispatcherServlet - enableLoggingRequestDetails='false': request parameters and headers will be masked to prevent unsafe logging of potentially sensitive data
18:20:52.852 [main] INFO org.springframework.test.web.servlet.TestDispatcherServlet - Completed initialization in 1 ms
18:20:52.853 [main] DEBUG org.springframework.test.web.servlet.TestDispatcherServlet - GET "/api/movies", parameters={}
18:20:52.855 [main] DEBUG org.springframework.web.servlet.mvc.method.annotation.RequestMappingHandlerMapping - Mapped to com.example.movieworld.controller.MovieController#getAllMovies()
18:20:52.870 [main] DEBUG org.springframework.web.servlet.mvc.method.annotation.RequestResponseBodyMethodProcessor - Using 'application/json', given [*/*] and supported [application/json, application/*+json]
18:20:52.872 [main] DEBUG org.springframework.web.servlet.mvc.method.annotation.RequestResponseBodyMethodProcessor - Writing [[com.example.movieworld.model.Movie@4e4f979f, com.example.movieworld.model.Movie@6354fb91]]
18:20:52.880 [main] DEBUG org.springframework.test.web.servlet.TestDispatcherServlet - Completed 200 OK
18:20:52.881 [main] DEBUG com.jayway.jsonpath.internal.path.CompiledPath - Evaluating path: $
18:20:52.896 [main] DEBUG com.jayway.jsonpath.internal.path.CompiledPath - Evaluating path: $[0]['id']
18:20:52.896 [main] DEBUG com.jayway.jsonpath.internal.path.CompiledPath - Evaluating path: $[0]['id']
18:20:52.898 [main] DEBUG com.jayway.jsonpath.internal.path.CompiledPath - Evaluating path: $[0]['title']
18:20:52.898 [main] DEBUG com.jayway.jsonpath.internal.path.CompiledPath - Evaluating path: $[0]['director']
18:20:52.900 [main] DEBUG com.jayway.jsonpath.internal.path.CompiledPath - Evaluating path: $[0]['year']
18:20:52.900 [main] DEBUG com.jayway.jsonpath.internal.path.CompiledPath - Evaluating path: $[0]['genre']
18:20:52.900 [main] DEBUG com.jayway.jsonpath.internal.path.CompiledPath - Evaluating path: $[1]['id']
18:20:52.900 [main] DEBUG com.jayway.jsonpath.internal.path.CompiledPath - Evaluating path: $[1]['id']
18:20:52.902 [main] DEBUG com.jayway.jsonpath.internal.path.CompiledPath - Evaluating path: $[1]['title']
]]></system-out>
  </testcase>
  <testcase name="testGetMovieById_NotFound" classname="com.example.movieworld.controller.MovieControllerTest" time="0.1">
    <system-out><![CDATA[18:20:52.958 [main] DEBUG _org.springframework.web.servlet.HandlerMapping.Mappings - 
	c.e.m.c.MovieController:
	{DELETE [/api/movies/{id}]}: deleteMovie(Long)
	{PUT [/api/movies/{id}]}: updateMovie(Long,Movie)
	{GET [/api/movies]}: getAllMovies()
	{GET [/api/movies/health]}: healthCheck()
	{GET [/api/movies/{id}]}: getMovieById(Long)
	{POST [/api/movies]}: createMovie(Movie)
18:20:52.965 [main] DEBUG org.springframework.web.servlet.mvc.method.annotation.RequestMappingHandlerMapping - 6 mappings in org.springframework.web.servlet.mvc.method.annotation.RequestMappingHandlerMapping
18:20:52.973 [main] DEBUG org.springframework.web.servlet.mvc.method.annotation.RequestMappingHandlerAdapter - ControllerAdvice beans: 0 @ModelAttribute, 0 @InitBinder, 1 RequestBodyAdvice, 1 ResponseBodyAdvice
18:20:52.996 [main] DEBUG org.springframework.web.servlet.mvc.method.annotation.ExceptionHandlerExceptionResolver - ControllerAdvice beans: 0 @ExceptionHandler, 1 ResponseBodyAdvice
18:20:52.997 [main] INFO org.springframework.mock.web.MockServletContext - Initializing Spring TestDispatcherServlet ''
18:20:52.997 [main] INFO org.springframework.test.web.servlet.TestDispatcherServlet - Initializing Servlet ''
18:20:52.997 [main] DEBUG org.springframework.test.web.servlet.TestDispatcherServlet - Detected AcceptHeaderLocaleResolver
18:20:52.997 [main] DEBUG org.springframework.test.web.servlet.TestDispatcherServlet - Detected FixedThemeResolver
18:20:52.997 [main] DEBUG org.springframework.test.web.servlet.TestDispatcherServlet - Detected org.springframework.web.servlet.view.DefaultRequestToViewNameTranslator@5e45b0
18:20:52.997 [main] DEBUG org.springframework.test.web.servlet.TestDispatcherServlet - Detected org.springframework.web.servlet.support.SessionFlashMapManager@41f968b0
18:20:52.997 [main] DEBUG org.springframework.test.web.servlet.TestDispatcherServlet - enableLoggingRequestDetails='false': request parameters and headers will be masked to prevent unsafe logging of potentially sensitive data
18:20:52.997 [main] INFO org.springframework.test.web.servlet.TestDispatcherServlet - Completed initialization in 0 ms
18:20:52.999 [main] DEBUG org.springframework.test.web.servlet.TestDispatcherServlet - GET "/api/movies/999", parameters={}
18:20:53.000 [main] DEBUG org.springframework.web.servlet.mvc.method.annotation.RequestMappingHandlerMapping - Mapped to com.example.movieworld.controller.MovieController#getMovieById(Long)
18:20:53.021 [main] DEBUG org.springframework.web.servlet.mvc.method.annotation.HttpEntityMethodProcessor - Using 'application/json', given [*/*] and supported [application/json, application/*+json]
18:20:53.023 [main] DEBUG org.springframework.web.servlet.mvc.method.annotation.HttpEntityMethodProcessor - Nothing to write: null body
18:20:53.023 [main] DEBUG org.springframework.test.web.servlet.TestDispatcherServlet - Completed 404 NOT_FOUND
]]></system-out>
  </testcase>
  <testcase name="testDeleteMovie_Success" classname="com.example.movieworld.controller.MovieControllerTest" time="0.059">
    <system-out><![CDATA[18:20:53.048 [main] DEBUG _org.springframework.web.servlet.HandlerMapping.Mappings - 
	c.e.m.c.MovieController:
	{DELETE [/api/movies/{id}]}: deleteMovie(Long)
	{PUT [/api/movies/{id}]}: updateMovie(Long,Movie)
	{GET [/api/movies]}: getAllMovies()
	{GET [/api/movies/health]}: healthCheck()
	{GET [/api/movies/{id}]}: getMovieById(Long)
	{POST [/api/movies]}: createMovie(Movie)
18:20:53.051 [main] DEBUG org.springframework.web.servlet.mvc.method.annotation.RequestMappingHandlerMapping - 6 mappings in org.springframework.web.servlet.mvc.method.annotation.RequestMappingHandlerMapping
18:20:53.064 [main] DEBUG org.springframework.web.servlet.mvc.method.annotation.RequestMappingHandlerAdapter - ControllerAdvice beans: 0 @ModelAttribute, 0 @InitBinder, 1 RequestBodyAdvice, 1 ResponseBodyAdvice
18:20:53.067 [main] DEBUG org.springframework.web.servlet.mvc.method.annotation.ExceptionHandlerExceptionResolver - ControllerAdvice beans: 0 @ExceptionHandler, 1 ResponseBodyAdvice
18:20:53.067 [main] INFO org.springframework.mock.web.MockServletContext - Initializing Spring TestDispatcherServlet ''
18:20:53.067 [main] INFO org.springframework.test.web.servlet.TestDispatcherServlet - Initializing Servlet ''
18:20:53.069 [main] DEBUG org.springframework.test.web.servlet.TestDispatcherServlet - Detected AcceptHeaderLocaleResolver
18:20:53.069 [main] DEBUG org.springframework.test.web.servlet.TestDispatcherServlet - Detected FixedThemeResolver
18:20:53.069 [main] DEBUG org.springframework.test.web.servlet.TestDispatcherServlet - Detected org.springframework.web.servlet.view.DefaultRequestToViewNameTranslator@69faebc2
18:20:53.069 [main] DEBUG org.springframework.test.web.servlet.TestDispatcherServlet - Detected org.springframework.web.servlet.support.SessionFlashMapManager@12bbf99e
18:20:53.069 [main] DEBUG org.springframework.test.web.servlet.TestDispatcherServlet - enableLoggingRequestDetails='false': request parameters and headers will be masked to prevent unsafe logging of potentially sensitive data
18:20:53.069 [main] INFO org.springframework.test.web.servlet.TestDispatcherServlet - Completed initialization in 2 ms
18:20:53.086 [main] DEBUG org.springframework.test.web.servlet.TestDispatcherServlet - DELETE "/api/movies/1", parameters={}
18:20:53.087 [main] DEBUG org.springframework.web.servlet.mvc.method.annotation.RequestMappingHandlerMapping - Mapped to com.example.movieworld.controller.MovieController#deleteMovie(Long)
18:20:53.091 [main] DEBUG org.springframework.web.servlet.mvc.method.annotation.HttpEntityMethodProcessor - Using 'application/json', given [*/*] and supported [application/json, application/*+json]
18:20:53.096 [main] DEBUG org.springframework.web.servlet.mvc.method.annotation.HttpEntityMethodProcessor - Nothing to write: null body
18:20:53.096 [main] DEBUG org.springframework.test.web.servlet.TestDispatcherServlet - Completed 204 NO_CONTENT
]]></system-out>
  </testcase>
  <testcase name="testUpdateMovie_NotFound" classname="com.example.movieworld.controller.MovieControllerTest" time="0.066">
    <system-out><![CDATA[18:20:53.116 [main] DEBUG _org.springframework.web.servlet.HandlerMapping.Mappings - 
	c.e.m.c.MovieController:
	{DELETE [/api/movies/{id}]}: deleteMovie(Long)
	{PUT [/api/movies/{id}]}: updateMovie(Long,Movie)
	{GET [/api/movies]}: getAllMovies()
	{GET [/api/movies/health]}: healthCheck()
	{GET [/api/movies/{id}]}: getMovieById(Long)
	{POST [/api/movies]}: createMovie(Movie)
18:20:53.117 [main] DEBUG org.springframework.web.servlet.mvc.method.annotation.RequestMappingHandlerMapping - 6 mappings in org.springframework.web.servlet.mvc.method.annotation.RequestMappingHandlerMapping
18:20:53.125 [main] DEBUG org.springframework.web.servlet.mvc.method.annotation.RequestMappingHandlerAdapter - ControllerAdvice beans: 0 @ModelAttribute, 0 @InitBinder, 1 RequestBodyAdvice, 1 ResponseBodyAdvice
18:20:53.132 [main] DEBUG org.springframework.web.servlet.mvc.method.annotation.ExceptionHandlerExceptionResolver - ControllerAdvice beans: 0 @ExceptionHandler, 1 ResponseBodyAdvice
18:20:53.134 [main] INFO org.springframework.mock.web.MockServletContext - Initializing Spring TestDispatcherServlet ''
18:20:53.135 [main] INFO org.springframework.test.web.servlet.TestDispatcherServlet - Initializing Servlet ''
18:20:53.135 [main] DEBUG org.springframework.test.web.servlet.TestDispatcherServlet - Detected AcceptHeaderLocaleResolver
18:20:53.135 [main] DEBUG org.springframework.test.web.servlet.TestDispatcherServlet - Detected FixedThemeResolver
18:20:53.135 [main] DEBUG org.springframework.test.web.servlet.TestDispatcherServlet - Detected org.springframework.web.servlet.view.DefaultRequestToViewNameTranslator@7f3d9f65
18:20:53.135 [main] DEBUG org.springframework.test.web.servlet.TestDispatcherServlet - Detected org.springframework.web.servlet.support.SessionFlashMapManager@670f1d85
18:20:53.135 [main] DEBUG org.springframework.test.web.servlet.TestDispatcherServlet - enableLoggingRequestDetails='false': request parameters and headers will be masked to prevent unsafe logging of potentially sensitive data
18:20:53.135 [main] INFO org.springframework.test.web.servlet.TestDispatcherServlet - Completed initialization in 0 ms
18:20:53.139 [main] DEBUG org.springframework.test.web.servlet.TestDispatcherServlet - PUT "/api/movies/999", parameters={}
18:20:53.139 [main] DEBUG org.springframework.web.servlet.mvc.method.annotation.RequestMappingHandlerMapping - Mapped to com.example.movieworld.controller.MovieController#updateMovie(Long, Movie)
18:20:53.148 [main] DEBUG org.springframework.web.servlet.mvc.method.annotation.RequestResponseBodyMethodProcessor - Read "application/json" to [com.example.movieworld.model.Movie@254d292c]
18:20:53.152 [main] DEBUG org.springframework.web.servlet.mvc.method.annotation.HttpEntityMethodProcessor - Using 'application/json', given [*/*] and supported [application/json, application/*+json]
18:20:53.152 [main] DEBUG org.springframework.web.servlet.mvc.method.annotation.HttpEntityMethodProcessor - Nothing to write: null body
18:20:53.153 [main] DEBUG org.springframework.test.web.servlet.TestDispatcherServlet - Completed 404 NOT_FOUND
]]></system-out>
  </testcase>
  <testcase name="testUpdateMovie_Success" classname="com.example.movieworld.controller.MovieControllerTest" time="0.069">
    <system-out><![CDATA[18:20:53.195 [main] DEBUG _org.springframework.web.servlet.HandlerMapping.Mappings - 
	c.e.m.c.MovieController:
	{DELETE [/api/movies/{id}]}: deleteMovie(Long)
	{PUT [/api/movies/{id}]}: updateMovie(Long,Movie)
	{GET [/api/movies]}: getAllMovies()
	{GET [/api/movies/health]}: healthCheck()
	{GET [/api/movies/{id}]}: getMovieById(Long)
	{POST [/api/movies]}: createMovie(Movie)
18:20:53.197 [main] DEBUG org.springframework.web.servlet.mvc.method.annotation.RequestMappingHandlerMapping - 6 mappings in org.springframework.web.servlet.mvc.method.annotation.RequestMappingHandlerMapping
18:20:53.206 [main] DEBUG org.springframework.web.servlet.mvc.method.annotation.RequestMappingHandlerAdapter - ControllerAdvice beans: 0 @ModelAttribute, 0 @InitBinder, 1 RequestBodyAdvice, 1 ResponseBodyAdvice
18:20:53.214 [main] DEBUG org.springframework.web.servlet.mvc.method.annotation.ExceptionHandlerExceptionResolver - ControllerAdvice beans: 0 @ExceptionHandler, 1 ResponseBodyAdvice
18:20:53.217 [main] INFO org.springframework.mock.web.MockServletContext - Initializing Spring TestDispatcherServlet ''
18:20:53.217 [main] INFO org.springframework.test.web.servlet.TestDispatcherServlet - Initializing Servlet ''
18:20:53.217 [main] DEBUG org.springframework.test.web.servlet.TestDispatcherServlet - Detected AcceptHeaderLocaleResolver
18:20:53.217 [main] DEBUG org.springframework.test.web.servlet.TestDispatcherServlet - Detected FixedThemeResolver
18:20:53.218 [main] DEBUG org.springframework.test.web.servlet.TestDispatcherServlet - Detected org.springframework.web.servlet.view.DefaultRequestToViewNameTranslator@1c9515db
18:20:53.218 [main] DEBUG org.springframework.test.web.servlet.TestDispatcherServlet - Detected org.springframework.web.servlet.support.SessionFlashMapManager@b34c17c
18:20:53.218 [main] DEBUG org.springframework.test.web.servlet.TestDispatcherServlet - enableLoggingRequestDetails='false': request parameters and headers will be masked to prevent unsafe logging of potentially sensitive data
18:20:53.218 [main] INFO org.springframework.test.web.servlet.TestDispatcherServlet - Completed initialization in 1 ms
18:20:53.225 [main] DEBUG org.springframework.test.web.servlet.TestDispatcherServlet - PUT "/api/movies/1", parameters={}
18:20:53.226 [main] DEBUG org.springframework.web.servlet.mvc.method.annotation.RequestMappingHandlerMapping - Mapped to com.example.movieworld.controller.MovieController#updateMovie(Long, Movie)
18:20:53.234 [main] DEBUG org.springframework.web.servlet.mvc.method.annotation.RequestResponseBodyMethodProcessor - Read "application/json" to [com.example.movieworld.model.Movie@6c1ff6a9]
18:20:53.236 [main] DEBUG org.springframework.web.servlet.mvc.method.annotation.HttpEntityMethodProcessor - Using 'application/json', given [*/*] and supported [application/json, application/*+json]
18:20:53.236 [main] DEBUG org.springframework.web.servlet.mvc.method.annotation.HttpEntityMethodProcessor - Writing [com.example.movieworld.model.Movie@4a6c928b]
18:20:53.236 [main] DEBUG org.springframework.test.web.servlet.TestDispatcherServlet - Completed 200 OK
18:20:53.238 [main] DEBUG com.jayway.jsonpath.internal.path.CompiledPath - Evaluating path: $['id']
18:20:53.238 [main] DEBUG com.jayway.jsonpath.internal.path.CompiledPath - Evaluating path: $['id']
18:20:53.238 [main] DEBUG com.jayway.jsonpath.internal.path.CompiledPath - Evaluating path: $['title']
18:20:53.239 [main] DEBUG com.jayway.jsonpath.internal.path.CompiledPath - Evaluating path: $['genre']
]]></system-out>
  </testcase>
  <testcase name="testHealthCheck" classname="com.example.movieworld.controller.MovieControllerTest" time="0.052">
    <system-out><![CDATA[18:20:53.256 [main] DEBUG _org.springframework.web.servlet.HandlerMapping.Mappings - 
	c.e.m.c.MovieController:
	{DELETE [/api/movies/{id}]}: deleteMovie(Long)
	{PUT [/api/movies/{id}]}: updateMovie(Long,Movie)
	{GET [/api/movies]}: getAllMovies()
	{GET [/api/movies/health]}: healthCheck()
	{GET [/api/movies/{id}]}: getMovieById(Long)
	{POST [/api/movies]}: createMovie(Movie)
18:20:53.259 [main] DEBUG org.springframework.web.servlet.mvc.method.annotation.RequestMappingHandlerMapping - 6 mappings in org.springframework.web.servlet.mvc.method.annotation.RequestMappingHandlerMapping
18:20:53.264 [main] DEBUG org.springframework.web.servlet.mvc.method.annotation.RequestMappingHandlerAdapter - ControllerAdvice beans: 0 @ModelAttribute, 0 @InitBinder, 1 RequestBodyAdvice, 1 ResponseBodyAdvice
18:20:53.269 [main] DEBUG org.springframework.web.servlet.mvc.method.annotation.ExceptionHandlerExceptionResolver - ControllerAdvice beans: 0 @ExceptionHandler, 1 ResponseBodyAdvice
18:20:53.270 [main] INFO org.springframework.mock.web.MockServletContext - Initializing Spring TestDispatcherServlet ''
18:20:53.270 [main] INFO org.springframework.test.web.servlet.TestDispatcherServlet - Initializing Servlet ''
18:20:53.270 [main] DEBUG org.springframework.test.web.servlet.TestDispatcherServlet - Detected AcceptHeaderLocaleResolver
18:20:53.270 [main] DEBUG org.springframework.test.web.servlet.TestDispatcherServlet - Detected FixedThemeResolver
18:20:53.270 [main] DEBUG org.springframework.test.web.servlet.TestDispatcherServlet - Detected org.springframework.web.servlet.view.DefaultRequestToViewNameTranslator@50e7a238
18:20:53.270 [main] DEBUG org.springframework.test.web.servlet.TestDispatcherServlet - Detected org.springframework.web.servlet.support.SessionFlashMapManager@4c263d9c
18:20:53.270 [main] DEBUG org.springframework.test.web.servlet.TestDispatcherServlet - enableLoggingRequestDetails='false': request parameters and headers will be masked to prevent unsafe logging of potentially sensitive data
18:20:53.270 [main] INFO org.springframework.test.web.servlet.TestDispatcherServlet - Completed initialization in 0 ms
18:20:53.274 [main] DEBUG org.springframework.test.web.servlet.TestDispatcherServlet - GET "/api/movies/health", parameters={}
18:20:53.275 [main] DEBUG org.springframework.web.servlet.mvc.method.annotation.RequestMappingHandlerMapping - Mapped to com.example.movieworld.controller.MovieController#healthCheck()
18:20:53.291 [main] DEBUG org.springframework.web.servlet.mvc.method.annotation.HttpEntityMethodProcessor - Using 'application/json', given [*/*] and supported [application/json, application/*+json]
18:20:53.294 [main] DEBUG org.springframework.web.servlet.mvc.method.annotation.HttpEntityMethodProcessor - Writing [com.example.movieworld.controller.MovieController$HealthStatus@4b5cf935]
18:20:53.296 [main] DEBUG org.springframework.test.web.servlet.TestDispatcherServlet - Completed 200 OK
18:20:53.296 [main] DEBUG com.jayway.jsonpath.internal.path.CompiledPath - Evaluating path: $['status']
18:20:53.298 [main] DEBUG com.jayway.jsonpath.internal.path.CompiledPath - Evaluating path: $['message']
]]></system-out>
  </testcase>
  <testcase name="testDeleteMovie_NotFound" classname="com.example.movieworld.controller.MovieControllerTest" time="0.09">
    <system-out><![CDATA[18:20:53.329 [main] DEBUG _org.springframework.web.servlet.HandlerMapping.Mappings - 
	c.e.m.c.MovieController:
	{DELETE [/api/movies/{id}]}: deleteMovie(Long)
	{PUT [/api/movies/{id}]}: updateMovie(Long,Movie)
	{GET [/api/movies]}: getAllMovies()
	{GET [/api/movies/health]}: healthCheck()
	{GET [/api/movies/{id}]}: getMovieById(Long)
	{POST [/api/movies]}: createMovie(Movie)
18:20:53.337 [main] DEBUG org.springframework.web.servlet.mvc.method.annotation.RequestMappingHandlerMapping - 6 mappings in org.springframework.web.servlet.mvc.method.annotation.RequestMappingHandlerMapping
18:20:53.352 [main] DEBUG org.springframework.web.servlet.mvc.method.annotation.RequestMappingHandlerAdapter - ControllerAdvice beans: 0 @ModelAttribute, 0 @InitBinder, 1 RequestBodyAdvice, 1 ResponseBodyAdvice
18:20:53.354 [main] DEBUG org.springframework.web.servlet.mvc.method.annotation.ExceptionHandlerExceptionResolver - ControllerAdvice beans: 0 @ExceptionHandler, 1 ResponseBodyAdvice
18:20:53.354 [main] INFO org.springframework.mock.web.MockServletContext - Initializing Spring TestDispatcherServlet ''
18:20:53.354 [main] INFO org.springframework.test.web.servlet.TestDispatcherServlet - Initializing Servlet ''
18:20:53.354 [main] DEBUG org.springframework.test.web.servlet.TestDispatcherServlet - Detected AcceptHeaderLocaleResolver
18:20:53.354 [main] DEBUG org.springframework.test.web.servlet.TestDispatcherServlet - Detected FixedThemeResolver
18:20:53.354 [main] DEBUG org.springframework.test.web.servlet.TestDispatcherServlet - Detected org.springframework.web.servlet.view.DefaultRequestToViewNameTranslator@1389257c
18:20:53.354 [main] DEBUG org.springframework.test.web.servlet.TestDispatcherServlet - Detected org.springframework.web.servlet.support.SessionFlashMapManager@179c36ef
18:20:53.354 [main] DEBUG org.springframework.test.web.servlet.TestDispatcherServlet - enableLoggingRequestDetails='false': request parameters and headers will be masked to prevent unsafe logging of potentially sensitive data
18:20:53.354 [main] INFO org.springframework.test.web.servlet.TestDispatcherServlet - Completed initialization in 0 ms
18:20:53.356 [main] DEBUG org.springframework.test.web.servlet.TestDispatcherServlet - DELETE "/api/movies/999", parameters={}
18:20:53.356 [main] DEBUG org.springframework.web.servlet.mvc.method.annotation.RequestMappingHandlerMapping - Mapped to com.example.movieworld.controller.MovieController#deleteMovie(Long)
18:20:53.374 [main] DEBUG org.springframework.web.servlet.mvc.method.annotation.HttpEntityMethodProcessor - Using 'application/json', given [*/*] and supported [application/json, application/*+json]
18:20:53.388 [main] DEBUG org.springframework.web.servlet.mvc.method.annotation.HttpEntityMethodProcessor - Nothing to write: null body
18:20:53.390 [main] DEBUG org.springframework.test.web.servlet.TestDispatcherServlet - Completed 404 NOT_FOUND
]]></system-out>
  </testcase>
</testsuite>